2019-10-23 14:39:49,111 INFO    : _day_seller_en_test
2019-10-23 14:40:46,763 INFO    : _day_seller_en_t //
2019-10-23 14:40:57,016 INFO    : _day_seller_en_t //
2019-10-23 14:41:59,737 INFO    : _day_seller_en_test
2019-10-23 14:42:50,161 INFO    : _day_seller_en_test
2019-10-23 14:44:42,625 INFO    : _day_seller_en_test
2019-10-23 14:44:42,884 INFO    : current_app{"msg": "success", "data": [{"en": "activepagetop", "rp": 1, "repository": 0, "click": 216, "imp": 26535, "day": 20191020}, {"en": "activepagetop", "rp": 1, "repository": 6262, "click": 5, "imp": 725, "day": 20191020}, {"en": "anyPageBottom", "rp": 0, "repository": 238032, "click": 2502, "imp": 230713, "day": 20191020}, {"en": "anyPageBottom", "rp": 0, "repository": 52694, "click": 234, "imp": 51309, "day": 20191020}, {"en": "bdvSuggestionHotAdv", "rp": 0, "repository": 0, "click": 0, "imp": 866884, "day": 20191020}], "statuscode": 0}
2019-10-23 14:45:24,029 INFO    : _day_seller_en_test
2019-10-23 14:45:24,072 INFO    : current_app{"msg": "success", "data": [{"en": "activepagetop", "rp": 1, "repository": 0, "click": 216, "imp": 26535, "day": 20191020}, {"en": "activepagetop", "rp": 1, "repository": 6262, "click": 5, "imp": 725, "day": 20191020}, {"en": "anyPageBottom", "rp": 0, "repository": 238032, "click": 2502, "imp": 230713, "day": 20191020}, {"en": "anyPageBottom", "rp": 0, "repository": 52694, "click": 234, "imp": 51309, "day": 20191020}, {"en": "bdvSuggestionHotAdv", "rp": 0, "repository": 0, "click": 0, "imp": 866884, "day": 20191020}], "statuscode": 0}
2019-10-23 14:45:34,867 INFO    : _day_seller_en_test
2019-10-23 14:45:35,197 INFO    : current_app{"msg": "success", "data": [{"en": "activepagetop", "rp": 1, "repository": 0, "click": 216, "imp": 26535, "day": 20191020}, {"en": "activepagetop", "rp": 1, "repository": 6262, "click": 5, "imp": 725, "day": 20191020}, {"en": "anyPageBottom", "rp": 0, "repository": 238032, "click": 2502, "imp": 230713, "day": 20191020}, {"en": "anyPageBottom", "rp": 0, "repository": 52694, "click": 234, "imp": 51309, "day": 20191020}, {"en": "bdvSuggestionHotAdv", "rp": 0, "repository": 0, "click": 0, "imp": 866884, "day": 20191020}], "statuscode": 0}
2019-10-23 14:45:38,082 INFO    : _day_seller_en_test
2019-10-23 14:45:38,111 INFO    : current_app{"msg": "success", "data": [{"en": "activepagetop", "rp": 1, "repository": 0, "click": 216, "imp": 26535, "day": 20191020}, {"en": "activepagetop", "rp": 1, "repository": 6262, "click": 5, "imp": 725, "day": 20191020}, {"en": "anyPageBottom", "rp": 0, "repository": 238032, "click": 2502, "imp": 230713, "day": 20191020}, {"en": "anyPageBottom", "rp": 0, "repository": 52694, "click": 234, "imp": 51309, "day": 20191020}, {"en": "bdvSuggestionHotAdv", "rp": 0, "repository": 0, "click": 0, "imp": 866884, "day": 20191020}], "statuscode": 0}
2019-10-23 14:49:17,216 INFO    : _day_seller_en_test
2019-10-23 14:49:17,469 INFO    : current_app{"msg": "success", "data": [{"en": "activepagetop", "rp": 1, "repository": 0, "click": 216, "imp": 26535, "day": 20191020}, {"en": "activepagetop", "rp": 1, "repository": 6262, "click": 5, "imp": 725, "day": 20191020}, {"en": "anyPageBottom", "rp": 0, "repository": 238032, "click": 2502, "imp": 230713, "day": 20191020}, {"en": "anyPageBottom", "rp": 0, "repository": 52694, "click": 234, "imp": 51309, "day": 20191020}, {"en": "bdvSuggestionHotAdv", "rp": 0, "repository": 0, "click": 0, "imp": 866884, "day": 20191020}], "statuscode": 0}
2019-10-23 14:50:42,635 INFO    : _day_seller_en_test
2019-10-23 14:50:42,819 INFO    : current_app{"msg": "success", "data": [{"en": "activepagetop", "rp": 1, "repository": 0, "click": 216, "imp": 26535, "day": 20191020}, {"en": "activepagetop", "rp": 1, "repository": 6262, "click": 5, "imp": 725, "day": 20191020}, {"en": "anyPageBottom", "rp": 0, "repository": 238032, "click": 2502, "imp": 230713, "day": 20191020}, {"en": "anyPageBottom", "rp": 0, "repository": 52694, "click": 234, "imp": 51309, "day": 20191020}, {"en": "bdvSuggestionHotAdv", "rp": 0, "repository": 0, "click": 0, "imp": 866884, "day": 20191020}], "statuscode": 0}
2019-10-23 14:50:48,618 INFO    : _day_seller_en_test
2019-10-23 14:50:48,724 INFO    : current_app{"msg": "success", "data": [{"en": "activepagetop", "rp": 1, "repository": 0, "click": 216, "imp": 26535, "day": 20191020}, {"en": "activepagetop", "rp": 1, "repository": 6262, "click": 5, "imp": 725, "day": 20191020}, {"en": "anyPageBottom", "rp": 0, "repository": 238032, "click": 2502, "imp": 230713, "day": 20191020}, {"en": "anyPageBottom", "rp": 0, "repository": 52694, "click": 234, "imp": 51309, "day": 20191020}, {"en": "bdvSuggestionHotAdv", "rp": 0, "repository": 0, "click": 0, "imp": 866884, "day": 20191020}], "statuscode": 0}
2019-10-23 14:51:29,713 INFO    : _day_seller_en_test
2019-10-23 14:51:29,743 INFO    : current_app{"msg": "success", "data": [{"en": "activepagetop", "rp": 1, "repository": 0, "click": 216, "imp": 26535, "day": 20191020}, {"en": "activepagetop", "rp": 1, "repository": 6262, "click": 5, "imp": 725, "day": 20191020}, {"en": "anyPageBottom", "rp": 0, "repository": 238032, "click": 2502, "imp": 230713, "day": 20191020}, {"en": "anyPageBottom", "rp": 0, "repository": 52694, "click": 234, "imp": 51309, "day": 20191020}, {"en": "bdvSuggestionHotAdv", "rp": 0, "repository": 0, "click": 0, "imp": 866884, "day": 20191020}], "statuscode": 0}
2019-10-23 14:51:35,387 INFO    : _day_seller_en_test
2019-10-23 14:51:35,414 INFO    : current_app{"msg": "success", "data": [{"en": "activepagetop", "rp": 1, "repository": 0, "click": 216, "imp": 26535, "day": 20191020}, {"en": "activepagetop", "rp": 1, "repository": 6262, "click": 5, "imp": 725, "day": 20191020}, {"en": "anyPageBottom", "rp": 0, "repository": 238032, "click": 2502, "imp": 230713, "day": 20191020}, {"en": "anyPageBottom", "rp": 0, "repository": 52694, "click": 234, "imp": 51309, "day": 20191020}, {"en": "bdvSuggestionHotAdv", "rp": 0, "repository": 0, "click": 0, "imp": 866884, "day": 20191020}], "statuscode": 0}
2019-10-23 14:51:49,053 INFO    : _day_seller_en_test
2019-10-23 14:51:49,155 INFO    : current_app{"msg": "success", "data": [{"en": "activepagetop", "rp": 1, "repository": 0, "click": 216, "imp": 26535, "day": 20191020}, {"en": "activepagetop", "rp": 1, "repository": 6262, "click": 5, "imp": 725, "day": 20191020}, {"en": "anyPageBottom", "rp": 0, "repository": 238032, "click": 2502, "imp": 230713, "day": 20191020}, {"en": "anyPageBottom", "rp": 0, "repository": 52694, "click": 234, "imp": 51309, "day": 20191020}, {"en": "bdvSuggestionHotAdv", "rp": 0, "repository": 0, "click": 0, "imp": 866884, "day": 20191020}], "statuscode": 0}
2019-10-23 15:20:07,946 INFO    : _day_seller_en_test
2019-10-23 15:20:08,121 INFO    : current_app{"msg": "success", "data": [{"en": "activepagetop", "rp": 1, "repository": 0, "click": 216, "imp": 26535, "day": 20191020}, {"en": "activepagetop", "rp": 1, "repository": 6262, "click": 5, "imp": 725, "day": 20191020}, {"en": "anyPageBottom", "rp": 0, "repository": 238032, "click": 2502, "imp": 230713, "day": 20191020}, {"en": "anyPageBottom", "rp": 0, "repository": 52694, "click": 234, "imp": 51309, "day": 20191020}, {"en": "bdvSuggestionHotAdv", "rp": 0, "repository": 0, "click": 0, "imp": 866884, "day": 20191020}], "statuscode": 0}
2019-10-23 15:20:40,457 INFO    : _day_seller_en_test
2019-10-23 15:20:40,763 INFO    : current_app{"msg": "success", "data": [{"en": "activepagetop", "rp": 1, "repository": 0, "click": 216, "imp": 26535, "day": 20191020}, {"en": "activepagetop", "rp": 1, "repository": 6262, "click": 5, "imp": 725, "day": 20191020}, {"en": "anyPageBottom", "rp": 0, "repository": 238032, "click": 2502, "imp": 230713, "day": 20191020}, {"en": "anyPageBottom", "rp": 0, "repository": 52694, "click": 234, "imp": 51309, "day": 20191020}, {"en": "bdvSuggestionHotAdv", "rp": 0, "repository": 0, "click": 0, "imp": 866884, "day": 20191020}], "statuscode": 0}
2019-10-23 15:20:45,286 INFO    : _day_seller_en_test
2019-10-23 15:20:45,318 INFO    : current_app{"msg": "success", "data": [{"en": "activepagetop", "rp": 1, "repository": 0, "click": 216, "imp": 26535, "day": 20191020}, {"en": "activepagetop", "rp": 1, "repository": 6262, "click": 5, "imp": 725, "day": 20191020}, {"en": "anyPageBottom", "rp": 0, "repository": 238032, "click": 2502, "imp": 230713, "day": 20191020}, {"en": "anyPageBottom", "rp": 0, "repository": 52694, "click": 234, "imp": 51309, "day": 20191020}, {"en": "bdvSuggestionHotAdv", "rp": 0, "repository": 0, "click": 0, "imp": 866884, "day": 20191020}], "statuscode": 0}
2019-10-23 15:32:51,456 INFO    : _day_seller_en_test
2019-10-23 15:32:51,628 INFO    : current_app{"msg": "success", "data": [{"en": "activepagetop", "rp": 1, "repository": 0, "click": 216, "imp": 26535, "day": 20191020}, {"en": "activepagetop", "rp": 1, "repository": 6262, "click": 5, "imp": 725, "day": 20191020}, {"en": "anyPageBottom", "rp": 0, "repository": 238032, "click": 2502, "imp": 230713, "day": 20191020}, {"en": "anyPageBottom", "rp": 0, "repository": 52694, "click": 234, "imp": 51309, "day": 20191020}, {"en": "bdvSuggestionHotAdv", "rp": 0, "repository": 0, "click": 0, "imp": 866884, "day": 20191020}], "statuscode": 0}
2019-10-23 15:33:49,303 INFO    : _day_seller_en_test
2019-10-23 15:33:49,552 INFO    : current_app{"msg": "success", "data": [{"en": "activepagetop", "rp": 1, "repository": 0, "click": 216, "imp": 26535, "day": 20191020}, {"en": "activepagetop", "rp": 1, "repository": 6262, "click": 5, "imp": 725, "day": 20191020}, {"en": "anyPageBottom", "rp": 0, "repository": 238032, "click": 2502, "imp": 230713, "day": 20191020}, {"en": "anyPageBottom", "rp": 0, "repository": 52694, "click": 234, "imp": 51309, "day": 20191020}, {"en": "bdvSuggestionHotAdv", "rp": 0, "repository": 0, "click": 0, "imp": 866884, "day": 20191020}], "statuscode": 0}
2019-10-23 15:33:57,701 INFO    : _day_seller_en_test
2019-10-23 15:33:57,726 INFO    : current_app{"msg": "success", "data": [{"en": "activepagetop", "rp": 1, "repository": 0, "click": 216, "imp": 26535, "day": 20191020}, {"en": "activepagetop", "rp": 1, "repository": 6262, "click": 5, "imp": 725, "day": 20191020}, {"en": "anyPageBottom", "rp": 0, "repository": 238032, "click": 2502, "imp": 230713, "day": 20191020}, {"en": "anyPageBottom", "rp": 0, "repository": 52694, "click": 234, "imp": 51309, "day": 20191020}, {"en": "bdvSuggestionHotAdv", "rp": 0, "repository": 0, "click": 0, "imp": 866884, "day": 20191020}], "statuscode": 0}
2019-10-23 15:34:59,628 INFO    : _day_seller_en_test
2019-10-23 15:34:59,769 INFO    : current_app{"msg": "success", "data": [{"en": "activepagetop", "rp": 1, "repository": 0, "click": 216, "imp": 26535, "day": 20191020}, {"en": "activepagetop", "rp": 1, "repository": 6262, "click": 5, "imp": 725, "day": 20191020}, {"en": "anyPageBottom", "rp": 0, "repository": 238032, "click": 2502, "imp": 230713, "day": 20191020}, {"en": "anyPageBottom", "rp": 0, "repository": 52694, "click": 234, "imp": 51309, "day": 20191020}, {"en": "bdvSuggestionHotAdv", "rp": 0, "repository": 0, "click": 0, "imp": 866884, "day": 20191020}], "statuscode": 0}
2019-10-23 15:35:10,408 INFO    : _day_seller_en_test
2019-10-23 15:35:10,552 INFO    : current_app{"msg": "success", "data": [{"en": "activepagetop", "rp": 1, "repository": 0, "click": 216, "imp": 26535, "day": 20191020}, {"en": "activepagetop", "rp": 1, "repository": 6262, "click": 5, "imp": 725, "day": 20191020}, {"en": "anyPageBottom", "rp": 0, "repository": 238032, "click": 2502, "imp": 230713, "day": 20191020}, {"en": "anyPageBottom", "rp": 0, "repository": 52694, "click": 234, "imp": 51309, "day": 20191020}, {"en": "bdvSuggestionHotAdv", "rp": 0, "repository": 0, "click": 0, "imp": 866884, "day": 20191020}], "statuscode": 0}
2019-10-23 15:36:18,868 INFO    : _day_seller_en_test
2019-10-23 15:36:19,023 INFO    : current_app{"msg": "success", "data": [{"en": "activepagetop", "rp": 1, "repository": 0, "click": 216, "imp": 26535, "day": 20191020}, {"en": "activepagetop", "rp": 1, "repository": 6262, "click": 5, "imp": 725, "day": 20191020}, {"en": "anyPageBottom", "rp": 0, "repository": 238032, "click": 2502, "imp": 230713, "day": 20191020}, {"en": "anyPageBottom", "rp": 0, "repository": 52694, "click": 234, "imp": 51309, "day": 20191020}, {"en": "bdvSuggestionHotAdv", "rp": 0, "repository": 0, "click": 0, "imp": 866884, "day": 20191020}], "statuscode": 0}
2019-10-23 15:38:11,683 INFO    : _day_seller_en_test
2019-10-23 15:38:11,831 INFO    : current_app{"msg": "success", "data": [{"en": "activepagetop", "rp": 1, "repository": 0, "click": 216, "imp": 26535, "day": 20191020}, {"en": "activepagetop", "rp": 1, "repository": 6262, "click": 5, "imp": 725, "day": 20191020}, {"en": "anyPageBottom", "rp": 0, "repository": 238032, "click": 2502, "imp": 230713, "day": 20191020}, {"en": "anyPageBottom", "rp": 0, "repository": 52694, "click": 234, "imp": 51309, "day": 20191020}, {"en": "bdvSuggestionHotAdv", "rp": 0, "repository": 0, "click": 0, "imp": 866884, "day": 20191020}], "statuscode": 0}
2019-10-23 15:38:24,438 INFO    : _day_seller_en_test
2019-10-23 15:38:24,723 INFO    : current_app{"msg": "success", "data": [{"en": "activepagetop", "rp": 1, "repository": 0, "click": 216, "imp": 26535, "day": 20191020}, {"en": "activepagetop", "rp": 1, "repository": 6262, "click": 5, "imp": 725, "day": 20191020}, {"en": "anyPageBottom", "rp": 0, "repository": 238032, "click": 2502, "imp": 230713, "day": 20191020}, {"en": "anyPageBottom", "rp": 0, "repository": 52694, "click": 234, "imp": 51309, "day": 20191020}, {"en": "bdvSuggestionHotAdv", "rp": 0, "repository": 0, "click": 0, "imp": 866884, "day": 20191020}], "statuscode": 0}
2019-10-23 15:38:58,181 INFO    : _day_seller_en_test
2019-10-23 15:38:58,237 INFO    : current_app{"msg": "success", "data": [{"en": "activepagetop", "rp": 1, "repository": 0, "click": 216, "imp": 26535, "day": 20191020}, {"en": "activepagetop", "rp": 1, "repository": 6262, "click": 5, "imp": 725, "day": 20191020}, {"en": "anyPageBottom", "rp": 0, "repository": 238032, "click": 2502, "imp": 230713, "day": 20191020}, {"en": "anyPageBottom", "rp": 0, "repository": 52694, "click": 234, "imp": 51309, "day": 20191020}, {"en": "bdvSuggestionHotAdv", "rp": 0, "repository": 0, "click": 0, "imp": 866884, "day": 20191020}], "statuscode": 0}
2019-10-23 15:39:09,387 INFO    : _day_seller_en_test
2019-10-23 15:39:09,414 INFO    : current_app{"msg": "success", "data": [{"en": "activepagetop", "rp": 1, "repository": 0, "click": 216, "imp": 26535, "day": 20191020}, {"en": "activepagetop", "rp": 1, "repository": 6262, "click": 5, "imp": 725, "day": 20191020}, {"en": "anyPageBottom", "rp": 0, "repository": 238032, "click": 2502, "imp": 230713, "day": 20191020}, {"en": "anyPageBottom", "rp": 0, "repository": 52694, "click": 234, "imp": 51309, "day": 20191020}, {"en": "bdvSuggestionHotAdv", "rp": 0, "repository": 0, "click": 0, "imp": 866884, "day": 20191020}], "statuscode": 0}
2019-10-23 15:39:10,487 INFO    : _day_seller_en_test
2019-10-23 15:39:10,528 INFO    : current_app{"msg": "success", "data": [{"en": "activepagetop", "rp": 1, "repository": 0, "click": 216, "imp": 26535, "day": 20191020}, {"en": "activepagetop", "rp": 1, "repository": 6262, "click": 5, "imp": 725, "day": 20191020}, {"en": "anyPageBottom", "rp": 0, "repository": 238032, "click": 2502, "imp": 230713, "day": 20191020}, {"en": "anyPageBottom", "rp": 0, "repository": 52694, "click": 234, "imp": 51309, "day": 20191020}, {"en": "bdvSuggestionHotAdv", "rp": 0, "repository": 0, "click": 0, "imp": 866884, "day": 20191020}], "statuscode": 0}
2019-10-23 15:44:59,371 INFO    : _day_seller_en_test
2019-10-23 15:44:59,530 INFO    : current_app{"msg": "success", "data": [{"en": "activepagetop", "rp": 1, "repository": 0, "click": 216, "imp": 26535, "day": 20191020}, {"en": "activepagetop", "rp": 1, "repository": 6262, "click": 5, "imp": 725, "day": 20191020}, {"en": "anyPageBottom", "rp": 0, "repository": 238032, "click": 2502, "imp": 230713, "day": 20191020}, {"en": "anyPageBottom", "rp": 0, "repository": 52694, "click": 234, "imp": 51309, "day": 20191020}, {"en": "bdvSuggestionHotAdv", "rp": 0, "repository": 0, "click": 0, "imp": 866884, "day": 20191020}], "statuscode": 0}
2019-10-23 15:59:14,279 INFO    : _day_seller_en_test
2019-10-23 15:59:14,426 INFO    : current_app{"msg": "success", "data": [{"en": "activepagetop", "rp": 1, "repository": 0, "click": 216, "imp": 26535, "day": 20191020}, {"en": "activepagetop", "rp": 1, "repository": 6262, "click": 5, "imp": 725, "day": 20191020}, {"en": "anyPageBottom", "rp": 0, "repository": 238032, "click": 2502, "imp": 230713, "day": 20191020}, {"en": "anyPageBottom", "rp": 0, "repository": 52694, "click": 234, "imp": 51309, "day": 20191020}, {"en": "bdvSuggestionHotAdv", "rp": 0, "repository": 0, "click": 0, "imp": 866884, "day": 20191020}], "statuscode": 0}
2019-10-23 15:59:19,990 INFO    : _day_seller_en_test
2019-10-23 15:59:20,096 INFO    : current_app{"msg": "success", "data": [{"en": "activepagetop", "rp": 1, "repository": 0, "click": 216, "imp": 26535, "day": 20191020}, {"en": "activepagetop", "rp": 1, "repository": 6262, "click": 5, "imp": 725, "day": 20191020}, {"en": "anyPageBottom", "rp": 0, "repository": 238032, "click": 2502, "imp": 230713, "day": 20191020}, {"en": "anyPageBottom", "rp": 0, "repository": 52694, "click": 234, "imp": 51309, "day": 20191020}, {"en": "bdvSuggestionHotAdv", "rp": 0, "repository": 0, "click": 0, "imp": 866884, "day": 20191020}], "statuscode": 0}
2019-10-23 15:59:30,088 INFO    : _day_seller_en_test
2019-10-23 15:59:30,115 INFO    : current_app{"msg": "success", "data": [{"en": "activepagetop", "rp": 1, "repository": 0, "click": 216, "imp": 3:5001/day_seller_en/get?callback=qw26535, "day": 20191020}, {"en": "activepagetop", "rp": 1, "repository": 6262, "click": 5, "imp": 725, "day": 20191020}, {"en": "anyPageBottom", "rp": 0, "repository": 238032, "click": 2502, "imp": 230713, "day": 20191020}, {"en": "anyPageBottom", "rp": 0, "repository": 52694, "click": 234, "imp": 51309, "day": 20191020}, {"en": "bdvSuggestionHotAdv", "rp": 0, "repository": 0, "click": 0, "imp": 866884, "day": 20191020}], "statuscode": 0}
2019-10-23 15:59:37,878 INFO    : _day_seller_en_test
2019-10-23 15:59:37,904 INFO    : current_app{"msg": "success", "data": [{"en": "activepagetop", "rp": 1, "repository": 0, "click": 216, "imp": 26535, "day": 20191020}, {"en": "activepagetop", "rp": 1, "repository": 6262, "click": 5, "imp": 725, "day": 20191020}, {"en": "anyPageBottom", "rp": 0, "repository": 238032, "click": 2502, "imp": 230713, "day": 20191020}, {"en": "anyPageBottom", "rp": 0, "repository": 52694, "click": 234, "imp": 51309, "day": 20191020}, {"en": "bdvSuggestionHotAdv", "rp": 0, "repository": 0, "click": 0, "imp": 866884, "day": 20191020}], "statuscode": 0}
2019-10-23 15:59:40,371 INFO    : _day_seller_en_test
2019-10-23 15:59:40,398 INFO    : current_app{"msg": "success", "data": [{"en": "activepagetop", "rp": 1, "repository": 0, "click": 216, "imp": 26535, "day": 20191020}, {"en": "activepagetop", "rp": 1, "repository": 6262, "click": 5, "imp": 725, "day": 20191020}, {"en": "anyPageBottom", "rp": 0, "repository": 238032, "click": 2502, "imp": 230713, "day": 20191020}, {"en": "anyPageBottom", "rp": 0, "repository": 52694, "click": 234, "imp": 51309, "day": 20191020}, {"en": "bdvSuggestionHotAdv", "rp": 0, "repository": 0, "click": 0, "imp": 866884, "day": 20191020}], "statuscode": 0}
2019-10-23 16:07:51,697 INFO    : _day_seller_en_test
2019-10-23 16:07:51,951 INFO    : current_app{"msg": "success", "data": [{"en": "activepagetop", "rp": 1, "repository": 0, "click": 216, "imp": 26535, "day": 20191020}, {"en": "activepagetop", "rp": 1, "repository": 6262, "click": 5, "imp": 725, "day": 20191020}, {"en": "anyPageBottom", "rp": 0, "repository": 238032, "click": 2502, "imp": 230713, "day": 20191020}, {"en": "anyPageBottom", "rp": 0, "repository": 52694, "click": 234, "imp": 51309, "day": 20191020}, {"en": "bdvSuggestionHotAdv", "rp": 0, "repository": 0, "click": 0, "imp": 866884, "day": 20191020}], "statuscode": 0}
2019-10-23 16:07:59,989 INFO    : _day_seller_en_test
2019-10-23 16:08:00,161 INFO    : current_app{"msg": "success", "data": [{"en": "activepagetop", "rp": 1, "repository": 0, "click": 216, "imp": 26535, "day": 20191020}, {"en": "activepagetop", "rp": 1, "repository": 6262, "click": 5, "imp": 725, "day": 20191020}, {"en": "anyPageBottom", "rp": 0, "repository": 238032, "click": 2502, "imp": 230713, "day": 20191020}, {"en": "anyPageBottom", "rp": 0, "repository": 52694, "click": 234, "imp": 51309, "day": 20191020}, {"en": "bdvSuggestionHotAdv", "rp": 0, "repository": 0, "click": 0, "imp": 866884, "day": 20191020}], "statuscode": 0}
2019-10-23 16:10:59,594 INFO    : http://172.20.158.113:5001/day_seller_en/get?callback=demo
2019-10-23 16:10:59,595 INFO    : _day_seller_en_test
2019-10-23 16:10:59,914 INFO    : current_app{"msg": "success", "data": [{"en": "activepagetop", "rp": 1, "repository": 0, "click": 216, "imp": 26535, "day": 20191020}, {"en": "activepagetop", "rp": 1, "repository": 6262, "click": 5, "imp": 725, "day": 20191020}, {"en": "anyPageBottom", "rp": 0, "repository": 238032, "click": 2502, "imp": 230713, "day": 20191020}, {"en": "anyPageBottom", "rp": 0, "repository": 52694, "click": 234, "imp": 51309, "day": 20191020}, {"en": "bdvSuggestionHotAdv", "rp": 0, "repository": 0, "click": 0, "imp": 866884, "day": 20191020}], "statuscode": 0}
2019-10-23 16:12:41,000 INFO    : http://172.20.158.113:5001/day_seller_en/get?callback=demo
2019-10-23 16:12:41,000 INFO    : _day_seller_en_test
2019-10-23 16:12:41,562 INFO    : current_app{"msg": "success", "data": [{"en": "activepagetop", "rp": 1, "repository": 0, "click": 216, "imp": 26535, "day": 20191020}, {"en": "activepagetop", "rp": 1, "repository": 6262, "click": 5, "imp": 725, "day": 20191020}, {"en": "anyPageBottom", "rp": 0, "repository": 238032, "click": 2502, "imp": 230713, "day": 20191020}, {"en": "anyPageBottom", "rp": 0, "repository": 52694, "click": 234, "imp": 51309, "day": 20191020}, {"en": "bdvSuggestionHotAdv", "rp": 0, "repository": 0, "click": 0, "imp": 866884, "day": 20191020}], "statuscode": 0}
2019-10-23 16:14:26,601 INFO    : http://172.20.158.113:5001/day_seller_en/get?callback=demo
2019-10-23 16:14:26,601 INFO    : _day_seller_en_test
2019-10-23 16:14:26,888 INFO    : current_app{"msg": "success", "data": [{"en": "activepagetop", "rp": 1, "repository": 0, "click": 216, "imp": 26535, "day": 20191020}, {"en": "activepagetop", "rp": 1, "repository": 6262, "click": 5, "imp": 725, "day": 20191020}, {"en": "anyPageBottom", "rp": 0, "repository": 238032, "click": 2502, "imp": 230713, "day": 20191020}, {"en": "anyPageBottom", "rp": 0, "repository": 52694, "click": 234, "imp": 51309, "day": 20191020}, {"en": "bdvSuggestionHotAdv", "rp": 0, "repository": 0, "click": 0, "imp": 866884, "day": 20191020}], "statuscode": 0}
2019-10-23 16:16:08,786 INFO    : http://172.20.158.113:5001/day_seller_en/get?callback=qw
2019-10-23 16:16:08,786 INFO    : _day_seller_en_test
2019-10-23 16:16:09,101 INFO    : current_app{"msg": "success", "data": [{"en": "activepagetop", "rp": 1, "repository": 0, "click": 216, "imp": 26535, "day": 20191020}, {"en": "activepagetop", "rp": 1, "repository": 6262, "click": 5, "imp": 725, "day": 20191020}, {"en": "anyPageBottom", "rp": 0, "repository": 238032, "click": 2502, "imp": 230713, "day": 20191020}, {"en": "anyPageBottom", "rp": 0, "repository": 52694, "click": 234, "imp": 51309, "day": 20191020}, {"en": "bdvSuggestionHotAdv", "rp": 0, "repository": 0, "click": 0, "imp": 866884, "day": 20191020}], "statuscode": 0}
2019-10-23 16:17:48,381 INFO    : http://172.20.158.113:5001/day_seller_en/get?callback=demo
2019-10-23 16:17:48,390 INFO    : _day_seller_en_test
2019-10-23 16:17:48,694 INFO    : current_app{"msg": "success", "data": [{"en": "activepagetop", "rp": 1, "repository": 0, "click": 216, "imp": 26535, "day": 20191020}, {"en": "activepagetop", "rp": 1, "repository": 6262, "click": 5, "imp": 725, "day": 20191020}, {"en": "anyPageBottom", "rp": 0, "repository": 238032, "click": 2502, "imp": 230713, "day": 20191020}, {"en": "anyPageBottom", "rp": 0, "repository": 52694, "click": 234, "imp": 51309, "day": 20191020}, {"en": "bdvSuggestionHotAdv", "rp": 0, "repository": 0, "click": 0, "imp": 866884, "day": 20191020}], "statuscode": 0}
2019-10-23 16:18:09,594 INFO    : http://172.20.158.113:5001/day_seller_en/get?callback=demo
2019-10-23 16:18:09,595 INFO    : _day_seller_en_test
2019-10-23 16:18:09,625 INFO    : current_app{"msg": "success", "data": [{"en": "activepagetop", "rp": 1, "repository": 0, "click": 216, "imp": 26535, "day": 20191020}, {"en": "activepagetop", "rp": 1, "repository": 6262, "click": 5, "imp": 725, "day": 20191020}, {"en": "anyPageBottom", "rp": 0, "repository": 238032, "click": 2502, "imp": 230713, "day": 20191020}, {"en": "anyPageBottom", "rp": 0, "repository": 52694, "click": 234, "imp": 51309, "day": 20191020}, {"en": "bdvSuggestionHotAdv", "rp": 0, "repository": 0, "click": 0, "imp": 866884, "day": 20191020}], "statuscode": 0}
2019-10-23 16:18:10,612 INFO    : http://172.20.158.113:5001/day_seller_en/get?callback=demo
2019-10-23 16:18:10,614 INFO    : _day_seller_en_test
2019-10-23 16:18:10,644 INFO    : current_app{"msg": "success", "data": [{"en": "activepagetop", "rp": 1, "repository": 0, "click": 216, "imp": 26535, "day": 20191020}, {"en": "activepagetop", "rp": 1, "repository": 6262, "click": 5, "imp": 725, "day": 20191020}, {"en": "anyPageBottom", "rp": 0, "repository": 238032, "click": 2502, "imp": 230713, "day": 20191020}, {"en": "anyPageBottom", "rp": 0, "repository": 52694, "click": 234, "imp": 51309, "day": 20191020}, {"en": "bdvSuggestionHotAdv", "rp": 0, "repository": 0, "click": 0, "imp": 866884, "day": 20191020}], "statuscode": 0}
2019-10-23 16:19:11,654 INFO    : http://172.20.158.113:5001/day_seller_en/get?callback=demo
2019-10-23 16:19:11,655 INFO    : _day_seller_en_test
2019-10-23 16:19:11,980 INFO    : current_app{"msg": "success", "data": [{"en": "activepagetop", "rp": 1, "repository": 0, "click": 216, "imp": 26535, "day": 20191020}, {"en": "activepagetop", "rp": 1, "repository": 6262, "click": 5, "imp": 725, "day": 20191020}, {"en": "anyPageBottom", "rp": 0, "repository": 238032, "click": 2502, "imp": 230713, "day": 20191020}, {"en": "anyPageBottom", "rp": 0, "repository": 52694, "click": 234, "imp": 51309, "day": 20191020}, {"en": "bdvSuggestionHotAdv", "rp": 0, "repository": 0, "click": 0, "imp": 866884, "day": 20191020}], "statuscode": 0}
2019-10-23 16:19:21,645 INFO    : http://172.20.158.113:5001/day_seller_en/get?callback=demo
2019-10-23 16:19:21,647 INFO    : _day_seller_en_test
2019-10-23 16:19:21,671 INFO    : current_app{"msg": "success", "data": [{"en": "activepagetop", "rp": 1, "repository": 0, "click": 216, "imp": 26535, "day": 20191020}, {"en": "activepagetop", "rp": 1, "repository": 6262, "click": 5, "imp": 725, "day": 20191020}, {"en": "anyPageBottom", "rp": 0, "repository": 238032, "click": 2502, "imp": 230713, "day": 20191020}, {"en": "anyPageBottom", "rp": 0, "repository": 52694, "click": 234, "imp": 51309, "day": 20191020}, {"en": "bdvSuggestionHotAdv", "rp": 0, "repository": 0, "click": 0, "imp": 866884, "day": 20191020}], "statuscode": 0}
2019-10-23 16:20:27,535 INFO    : http://172.20.158.113:5001/day_seller_en/get?callback=demo
2019-10-23 16:20:27,536 INFO    : _day_seller_en_test
2019-10-23 16:20:28,154 INFO    : current_app{"msg": "success", "data": [{"en": "activepagetop", "rp": 1, "repository": 0, "click": 216, "imp": 26535, "day": 20191020}, {"en": "activepagetop", "rp": 1, "repository": 6262, "click": 5, "imp": 725, "day": 20191020}, {"en": "anyPageBottom", "rp": 0, "repository": 238032, "click": 2502, "imp": 230713, "day": 20191020}, {"en": "anyPageBottom", "rp": 0, "repository": 52694, "click": 234, "imp": 51309, "day": 20191020}, {"en": "bdvSuggestionHotAdv", "rp": 0, "repository": 0, "click": 0, "imp": 866884, "day": 20191020}], "statuscode": 0}
2019-10-23 16:21:33,926 INFO    : http://172.20.158.113:5001/day_seller_en/get?callback=demo
2019-10-23 16:21:33,926 INFO    : _day_seller_en_test
2019-10-23 16:21:34,678 INFO    : current_app{"msg": "success", "data": [{"en": "activepagetop", "rp": 1, "repository": 0, "click": 216, "imp": 26535, "day": 20191020}, {"en": "activepagetop", "rp": 1, "repository": 6262, "click": 5, "imp": 725, "day": 20191020}, {"en": "anyPageBottom", "rp": 0, "repository": 238032, "click": 2502, "imp": 230713, "day": 20191020}, {"en": "anyPageBottom", "rp": 0, "repository": 52694, "click": 234, "imp": 51309, "day": 20191020}, {"en": "bdvSuggestionHotAdv", "rp": 0, "repository": 0, "click": 0, "imp": 866884, "day": 20191020}], "statuscode": 0}
2019-10-23 16:21:47,921 INFO    : http://172.20.158.113:5001/day_seller_en/get
2019-10-23 16:21:47,923 INFO    : _day_seller_en_test
2019-10-23 16:21:48,338 INFO    : current_app{"msg": "success", "data": [{"en": "activepagetop", "rp": 1, "repository": 0, "click": 216, "imp": 26535, "day": 20191020}, {"en": "activepagetop", "rp": 1, "repository": 6262, "click": 5, "imp": 725, "day": 20191020}, {"en": "anyPageBottom", "rp": 0, "repository": 238032, "click": 2502, "imp": 230713, "day": 20191020}, {"en": "anyPageBottom", "rp": 0, "repository": 52694, "click": 234, "imp": 51309, "day": 20191020}, {"en": "bdvSuggestionHotAdv", "rp": 0, "repository": 0, "click": 0, "imp": 866884, "day": 20191020}], "statuscode": 0}
2019-10-23 16:22:33,167 INFO    : http://172.20.158.113:5001/day_seller_en/get
2019-10-23 16:22:33,167 INFO    : _day_seller_en_test
2019-10-23 16:22:33,480 INFO    : current_app{"msg": "success", "data": [{"en": "activepagetop", "rp": 1, "repository": 0, "click": 216, "imp": 26535, "day": 20191020}, {"en": "activepagetop", "rp": 1, "repository": 6262, "click": 5, "imp": 725, "day": 20191020}, {"en": "anyPageBottom", "rp": 0, "repository": 238032, "click": 2502, "imp": 230713, "day": 20191020}, {"en": "anyPageBottom", "rp": 0, "repository": 52694, "click": 234, "imp": 51309, "day": 20191020}, {"en": "bdvSuggestionHotAdv", "rp": 0, "repository": 0, "click": 0, "imp": 866884, "day": 20191020}], "statuscode": 0}
2019-10-23 16:22:59,046 INFO    : http://172.20.158.113:5001/day_seller_en/get?callback=qw
2019-10-23 16:22:59,046 INFO    : _day_seller_en_test
2019-10-23 16:22:59,365 INFO    : current_app{"msg": "success", "data": [{"en": "activepagetop", "rp": 1, "repository": 0, "click": 216, "imp": 26535, "day": 20191020}, {"en": "activepagetop", "rp": 1, "repository": 6262, "click": 5, "imp": 725, "day": 20191020}, {"en": "anyPageBottom", "rp": 0, "repository": 238032, "click": 2502, "imp": 230713, "day": 20191020}, {"en": "anyPageBottom", "rp": 0, "repository": 52694, "click": 234, "imp": 51309, "day": 20191020}, {"en": "bdvSuggestionHotAdv", "rp": 0, "repository": 0, "click": 0, "imp": 866884, "day": 20191020}], "statuscode": 0}
2019-10-23 16:23:17,828 INFO    : http://172.20.158.113:5001/day_seller_en/get?callback=demo
2019-10-23 16:23:17,828 INFO    : _day_seller_en_test
2019-10-23 16:23:17,851 INFO    : current_app{"msg": "success", "data": [{"en": "activepagetop", "rp": 1, "repository": 0, "click": 216, "imp": 26535, "day": 20191020}, {"en": "activepagetop", "rp": 1, "repository": 6262, "click": 5, "imp": 725, "day": 20191020}, {"en": "anyPageBottom", "rp": 0, "repository": 238032, "click": 2502, "imp": 230713, "day": 20191020}, {"en": "anyPageBottom", "rp": 0, "repository": 52694, "click": 234, "imp": 51309, "day": 20191020}, {"en": "bdvSuggestionHotAdv", "rp": 0, "repository": 0, "click": 0, "imp": 866884, "day": 20191020}], "statuscode": 0}
2019-10-23 16:23:38,533 INFO    : http://172.20.158.113:5001/day_seller_en/get?callback=demo
2019-10-23 16:23:38,533 INFO    : _day_seller_en_test
2019-10-23 16:23:38,571 INFO    : current_app{"msg": "success", "data": [{"en": "activepagetop", "rp": 1, "repository": 0, "click": 216, "imp": 26535, "day": 20191020}, {"en": "activepagetop", "rp": 1, "repository": 6262, "click": 5, "imp": 725, "day": 20191020}, {"en": "anyPageBottom", "rp": 0, "repository": 238032, "click": 2502, "imp": 230713, "day": 20191020}, {"en": "anyPageBottom", "rp": 0, "repository": 52694, "click": 234, "imp": 51309, "day": 20191020}, {"en": "bdvSuggestionHotAdv", "rp": 0, "repository": 0, "click": 0, "imp": 866884, "day": 20191020}], "statuscode": 0}
2019-10-23 16:23:39,756 INFO    : http://172.20.158.113:5001/day_seller_en/get?callback=demo
2019-10-23 16:23:39,756 INFO    : _day_seller_en_test
2019-10-23 16:23:39,836 INFO    : current_app{"msg": "success", "data": [{"en": "activepagetop", "rp": 1, "repository": 0, "click": 216, "imp": 26535, "day": 20191020}, {"en": "activepagetop", "rp": 1, "repository": 6262, "click": 5, "imp": 725, "day": 20191020}, {"en": "anyPageBottom", "rp": 0, "repository": 238032, "click": 2502, "imp": 230713, "day": 20191020}, {"en": "anyPageBottom", "rp": 0, "repository": 52694, "click": 234, "imp": 51309, "day": 20191020}, {"en": "bdvSuggestionHotAdv", "rp": 0, "repository": 0, "click": 0, "imp": 866884, "day": 20191020}], "statuscode": 0}
2019-10-23 16:24:25,032 INFO    : http://172.20.158.113:5001/day_seller_en/get?callback=demo
2019-10-23 16:24:25,033 INFO    : _day_seller_en_test
2019-10-23 16:24:25,242 INFO    : current_app{"msg": "success", "data": [{"en": "activepagetop", "rp": 1, "repository": 0, "click": 216, "imp": 26535, "day": 20191020}, {"en": "activepagetop", "rp": 1, "repository": 6262, "click": 5, "imp": 725, "day": 20191020}, {"en": "anyPageBottom", "rp": 0, "repository": 238032, "click": 2502, "imp": 230713, "day": 20191020}, {"en": "anyPageBottom", "rp": 0, "repository": 52694, "click": 234, "imp": 51309, "day": 20191020}, {"en": "bdvSuggestionHotAdv", "rp": 0, "repository": 0, "click": 0, "imp": 866884, "day": 20191020}], "statuscode": 0}
2019-10-23 16:24:26,680 INFO    : http://172.20.158.113:5001/day_seller_en/get?callback=demo
2019-10-23 16:24:26,681 INFO    : _day_seller_en_test
2019-10-23 16:24:26,756 INFO    : current_app{"msg": "success", "data": [{"en": "activepagetop", "rp": 1, "repository": 0, "click": 216, "imp": 26535, "day": 20191020}, {"en": "activepagetop", "rp": 1, "repository": 6262, "click": 5, "imp": 725, "day": 20191020}, {"en": "anyPageBottom", "rp": 0, "repository": 238032, "click": 2502, "imp": 230713, "day": 20191020}, {"en": "anyPageBottom", "rp": 0, "repository": 52694, "click": 234, "imp": 51309, "day": 20191020}, {"en": "bdvSuggestionHotAdv", "rp": 0, "repository": 0, "click": 0, "imp": 866884, "day": 20191020}], "statuscode": 0}
2019-10-23 16:24:36,523 INFO    : http://172.20.158.113:5001/day_seller_en/get?callback=demo
2019-10-23 16:24:36,523 INFO    : _day_seller_en_test
2019-10-23 16:24:37,049 INFO    : current_app{"msg": "success", "data": [{"en": "activepagetop", "rp": 1, "repository": 0, "click": 216, "imp": 26535, "day": 20191020}, {"en": "activepagetop", "rp": 1, "repository": 6262, "click": 5, "imp": 725, "day": 20191020}, {"en": "anyPageBottom", "rp": 0, "repository": 238032, "click": 2502, "imp": 230713, "day": 20191020}, {"en": "anyPageBottom", "rp": 0, "repository": 52694, "click": 234, "imp": 51309, "day": 20191020}, {"en": "bdvSuggestionHotAdv", "rp": 0, "repository": 0, "click": 0, "imp": 866884, "day": 20191020}], "statuscode": 0}
2019-10-23 16:24:41,153 INFO    : http://172.20.158.113:5001/day_seller_en/get?callback=demo
2019-10-23 16:24:41,153 INFO    : _day_seller_en_test
2019-10-23 16:24:41,177 INFO    : current_app{"msg": "success", "data": [{"en": "activepagetop", "rp": 1, "repository": 0, "click": 216, "imp": 26535, "day": 20191020}, {"en": "activepagetop", "rp": 1, "repository": 6262, "click": 5, "imp": 725, "day": 20191020}, {"en": "anyPageBottom", "rp": 0, "repository": 238032, "click": 2502, "imp": 230713, "day": 20191020}, {"en": "anyPageBottom", "rp": 0, "repository": 52694, "click": 234, "imp": 51309, "day": 20191020}, {"en": "bdvSuggestionHotAdv", "rp": 0, "repository": 0, "click": 0, "imp": 866884, "day": 20191020}], "statuscode": 0}
2019-10-23 16:32:52,131 INFO    : http://172.20.158.113:5001/day_seller_en/get?callback=qw
2019-10-23 16:32:52,132 INFO    : _day_seller_en_test
2019-10-23 16:32:59,884 INFO    : http://172.20.158.113:5001/day_seller_en/get?callback=demo
2019-10-23 16:32:59,885 INFO    : _day_seller_en_test
2019-10-23 16:33:41,325 INFO    : http://172.20.158.113:5001/day_seller_en/get?callback=qw
2019-10-23 16:33:41,325 INFO    : _day_seller_en_test
2019-10-23 16:33:43,627 INFO    : http://172.20.158.113:5001/day_seller_en/get?callback=qw
2019-10-23 16:33:43,628 INFO    : _day_seller_en_test
2019-10-23 16:33:55,542 INFO    : http://172.20.158.113:5001/day_seller_en/get?callback=qw
2019-10-23 16:33:55,543 INFO    : _day_seller_en_test
2019-10-23 16:33:56,375 INFO    : current_app{"msg": "success", "data": [{"en": "activepagetop", "rp": 1, "repository": 0, "click": 216, "imp": 26535, "day": 20191020}, {"en": "activepagetop", "rp": 1, "repository": 6262, "click": 5, "imp": 725, "day": 20191020}, {"en": "anyPageBottom", "rp": 0, "repository": 238032, "click": 2502, "imp": 230713, "day": 20191020}, {"en": "anyPageBottom", "rp": 0, "repository": 52694, "click": 234, "imp": 51309, "day": 20191020}, {"en": "bdvSuggestionHotAdv", "rp": 0, "repository": 0, "click": 0, "imp": 866884, "day": 20191020}], "statuscode": 0}
2019-10-23 16:34:01,351 INFO    : http://172.20.158.113:5001/day_seller_en/get?callback=demo
2019-10-23 16:34:01,351 INFO    : _day_seller_en_test
2019-10-23 16:34:01,441 INFO    : current_app{"msg": "success", "data": [{"en": "activepagetop", "rp": 1, "repository": 0, "click": 216, "imp": 26535, "day": 20191020}, {"en": "activepagetop", "rp": 1, "repository": 6262, "click": 5, "imp": 725, "day": 20191020}, {"en": "anyPageBottom", "rp": 0, "repository": 238032, "click": 2502, "imp": 230713, "day": 20191020}, {"en": "anyPageBottom", "rp": 0, "repository": 52694, "click": 234, "imp": 51309, "day": 20191020}, {"en": "bdvSuggestionHotAdv", "rp": 0, "repository": 0, "click": 0, "imp": 866884, "day": 20191020}], "statuscode": 0}
2019-10-23 16:34:14,773 INFO    : http://172.20.158.113:5001/day_seller_en/get
2019-10-23 16:34:14,773 INFO    : _day_seller_en_test
2019-10-23 16:34:14,892 INFO    : current_app{"msg": "success", "data": [{"en": "activepagetop", "rp": 1, "repository": 0, "click": 216, "imp": 26535, "day": 20191020}, {"en": "activepagetop", "rp": 1, "repository": 6262, "click": 5, "imp": 725, "day": 20191020}, {"en": "anyPageBottom", "rp": 0, "repository": 238032, "click": 2502, "imp": 230713, "day": 20191020}, {"en": "anyPageBottom", "rp": 0, "repository": 52694, "click": 234, "imp": 51309, "day": 20191020}, {"en": "bdvSuggestionHotAdv", "rp": 0, "repository": 0, "click": 0, "imp": 866884, "day": 20191020}], "statuscode": 0}
2019-10-23 16:47:46,816 INFO    : http://172.20.158.113:5001/day_seller_en/get?callback=qw
2019-10-23 16:47:46,818 INFO    : _day_seller_en_test
2019-10-23 16:47:47,017 INFO    : current_app{"msg": "success", "data": [{"en": "activepagetop", "rp": 1, "repository": 0, "click": 216, "imp": 26535, "day": 20191020}, {"en": "activepagetop", "rp": 1, "repository": 6262, "click": 5, "imp": 725, "day": 20191020}, {"en": "anyPageBottom", "rp": 0, "repository": 238032, "click": 2502, "imp": 230713, "day": 20191020}, {"en": "anyPageBottom", "rp": 0, "repository": 52694, "click": 234, "imp": 51309, "day": 20191020}, {"en": "bdvSuggestionHotAdv", "rp": 0, "repository": 0, "click": 0, "imp": 866884, "day": 20191020}], "statuscode": 0}
